<?xml version="1.0" encoding="UTF-8"?>
<!-- Generated by org.testng.reporters.JUnitReportReporter -->
<testsuite hostname="prudvish" failures="0" tests="1" name="com.vtiger.CreatecontactWithIntegration" time="27.490" errors="0" timestamp="2021-04-14T09:55:53 IST" skipped="0">
  <testcase classname="com.vtiger.CreatecontactWithIntegration" name="createOrg" time="27.490"/>
  <system-out/>
</testsuite> <!-- com.vtiger.CreatecontactWithIntegration -->
