<?xml version="1.0" encoding="UTF-8"?>
<!-- Generated by org.testng.reporters.JUnitReportReporter -->
<testsuite hostname="prudvish" failures="0" tests="1" name="com.vtiger.Createcontact" time="25.080" errors="0" timestamp="2021-04-14T09:38:07 IST" skipped="0">
  <testcase classname="com.vtiger.Createcontact" name="createOrg" time="25.080"/>
  <system-out/>
</testsuite> <!-- com.vtiger.Createcontact -->
